2025-01-23 14:23:48,003 - User: 2025-01-23 14:23:48.003350 - User: admin - Path: /api/conversations/ - Path: /home/frosty/projects/ProDev Backend Repos/alx-backend-python/Django-Middleware-0x03/Django-Middleware-0x03/chats/middleware.py
2025-01-23 14:24:14,094 - User: 2025-01-23 14:24:14.094423 - User: admin - Path: /api/users/a6e9b07c-7300-43a5-813d-ee0323469720/ - Path: /home/frosty/projects/ProDev Backend Repos/alx-backend-python/Django-Middleware-0x03/Django-Middleware-0x03/chats/middleware.py
2025-01-23 14:25:15,692 - User: 2025-01-23 14:25:15.692427 - User: admin - Path: /api/ - Path: /home/frosty/projects/ProDev Backend Repos/alx-backend-python/Django-Middleware-0x03/Django-Middleware-0x03/chats/middleware.py
2025-01-23 14:25:37,207 - User: 2025-01-23 14:25:37.207668 - User: admin - Path: /api/conversations/ - Path: /home/frosty/projects/ProDev Backend Repos/alx-backend-python/Django-Middleware-0x03/Django-Middleware-0x03/chats/middleware.py
2025-01-23 14:26:22,081 - User: 2025-01-23 14:26:22.081089 - User: admin - Path: /api/messages/ - Path: /home/frosty/projects/ProDev Backend Repos/alx-backend-python/Django-Middleware-0x03/Django-Middleware-0x03/chats/middleware.py
2025-01-23 14:28:11,181 - User: /home/frosty/projects/ProDev Backend Repos/alx-backend-python/Django-Middleware-0x03/Django-Middleware-0x03/chats/middleware.py changed, reloading. - Path: /home/frosty/projects/ProDev Backend Repos/alx-backend-python/venv/lib/python3.12/site-packages/django/utils/autoreload.py
INFO:django.utils.autoreload:/home/frosty/projects/ProDev Backend Repos/alx-backend-python/Django-Middleware-0x03/Django-Middleware-0x03/chats/middleware.py changed, reloading.
2025-01-23 14:32:01,568 - User: 2025-01-23 14:32:01.567949 - User: admin - Path: / - Path: /home/frosty/projects/ProDev Backend Repos/alx-backend-python/Django-Middleware-0x03/Django-Middleware-0x03/chats/middleware.py
2025-01-23 14:32:08,498 - User: 2025-01-23 14:32:08.498118 - User: admin - Path: /api/messages/ - Path: /home/frosty/projects/ProDev Backend Repos/alx-backend-python/Django-Middleware-0x03/Django-Middleware-0x03/chats/middleware.py
2025-01-23 14:32:12,762 - User: 2025-01-23 14:32:12.762353 - User: admin - Path: /api/ - Path: /home/frosty/projects/ProDev Backend Repos/alx-backend-python/Django-Middleware-0x03/Django-Middleware-0x03/chats/middleware.py
2025-01-23 14:32:13,768 - User: 2025-01-23 14:32:13.768869 - User: admin - Path: /api/users/ - Path: /home/frosty/projects/ProDev Backend Repos/alx-backend-python/Django-Middleware-0x03/Django-Middleware-0x03/chats/middleware.py
2025-01-23 14:34:30,811 - User: /home/frosty/projects/ProDev Backend Repos/alx-backend-python/Django-Middleware-0x03/Django-Middleware-0x03/chats/middleware.py changed, reloading. - Path: /home/frosty/projects/ProDev Backend Repos/alx-backend-python/venv/lib/python3.12/site-packages/django/utils/autoreload.py
2025-01-23 14:36:01,873 - User: /home/frosty/projects/ProDev Backend Repos/alx-backend-python/Django-Middleware-0x03/Django-Middleware-0x03/chats/middleware.py changed, reloading. - Path: /home/frosty/projects/ProDev Backend Repos/alx-backend-python/venv/lib/python3.12/site-packages/django/utils/autoreload.py
2025-01-23 14:36:04,941 - User: /home/frosty/projects/ProDev Backend Repos/alx-backend-python/Django-Middleware-0x03/Django-Middleware-0x03/chats/middleware.py changed, reloading. - Path: /home/frosty/projects/ProDev Backend Repos/alx-backend-python/venv/lib/python3.12/site-packages/django/utils/autoreload.py
2025-01-23 14:36:27,088 - User: /home/frosty/projects/ProDev Backend Repos/alx-backend-python/Django-Middleware-0x03/Django-Middleware-0x03/messaging_app/settings.py changed, reloading. - Path: /home/frosty/projects/ProDev Backend Repos/alx-backend-python/venv/lib/python3.12/site-packages/django/utils/autoreload.py
2025-01-23 14:36:30,033 - User: /home/frosty/projects/ProDev Backend Repos/alx-backend-python/Django-Middleware-0x03/Django-Middleware-0x03/messaging_app/settings.py changed, reloading. - Path: /home/frosty/projects/ProDev Backend Repos/alx-backend-python/venv/lib/python3.12/site-packages/django/utils/autoreload.py
2025-01-23 14:36:44,219 - User: 2025-01-23 14:36:44.219886 - User: admin - Path: /api/messages/ - Path: /home/frosty/projects/ProDev Backend Repos/alx-backend-python/Django-Middleware-0x03/Django-Middleware-0x03/chats/middleware.py
2025-01-23 14:36:46,576 - User: 2025-01-23 14:36:46.576934 - User: admin - Path: /api/ - Path: /home/frosty/projects/ProDev Backend Repos/alx-backend-python/Django-Middleware-0x03/Django-Middleware-0x03/chats/middleware.py
2025-01-23 14:36:48,169 - User: 2025-01-23 14:36:48.169379 - User: admin - Path: /api/messages/ - Path: /home/frosty/projects/ProDev Backend Repos/alx-backend-python/Django-Middleware-0x03/Django-Middleware-0x03/chats/middleware.py
2025-01-23 14:36:57,515 - User: /home/frosty/projects/ProDev Backend Repos/alx-backend-python/Django-Middleware-0x03/Django-Middleware-0x03/chats/middleware.py changed, reloading. - Path: /home/frosty/projects/ProDev Backend Repos/alx-backend-python/venv/lib/python3.12/site-packages/django/utils/autoreload.py
2025-01-23 14:37:05,011 - User: 2025-01-23 14:37:05.011027 - User: admin - Path: /api/messages/ - Path: /home/frosty/projects/ProDev Backend Repos/alx-backend-python/Django-Middleware-0x03/Django-Middleware-0x03/chats/middleware.py
2025-01-23 14:37:05,013 - User: Forbidden: /api/messages/ - Path: /home/frosty/projects/ProDev Backend Repos/alx-backend-python/venv/lib/python3.12/site-packages/django/utils/log.py
2025-01-23 14:38:07,855 - User: /home/frosty/projects/ProDev Backend Repos/alx-backend-python/Django-Middleware-0x03/Django-Middleware-0x03/chats/middleware.py changed, reloading. - Path: /home/frosty/projects/ProDev Backend Repos/alx-backend-python/venv/lib/python3.12/site-packages/django/utils/autoreload.py
2025-01-23 14:38:12,972 - User: /home/frosty/projects/ProDev Backend Repos/alx-backend-python/Django-Middleware-0x03/Django-Middleware-0x03/chats/middleware.py changed, reloading. - Path: /home/frosty/projects/ProDev Backend Repos/alx-backend-python/venv/lib/python3.12/site-packages/django/utils/autoreload.py
2025-01-23 14:38:15,582 - User: 2025-01-23 14:38:15.582794 - User: admin - Path: /api/ - Path: /home/frosty/projects/ProDev Backend Repos/alx-backend-python/Django-Middleware-0x03/Django-Middleware-0x03/chats/middleware.py
2025-01-23 14:38:15,584 - User: Forbidden: /api/ - Path: /home/frosty/projects/ProDev Backend Repos/alx-backend-python/venv/lib/python3.12/site-packages/django/utils/log.py
2025-01-23 14:38:36,433 - User: /home/frosty/projects/ProDev Backend Repos/alx-backend-python/Django-Middleware-0x03/Django-Middleware-0x03/chats/middleware.py changed, reloading. - Path: /home/frosty/projects/ProDev Backend Repos/alx-backend-python/venv/lib/python3.12/site-packages/django/utils/autoreload.py
2025-01-23 14:38:48,242 - User: 2025-01-23 14:38:48.242535 - User: admin - Path: /api/ - Path: /home/frosty/projects/ProDev Backend Repos/alx-backend-python/Django-Middleware-0x03/Django-Middleware-0x03/chats/middleware.py
2025-01-23 14:38:48,246 - User: Forbidden: /api/ - Path: /home/frosty/projects/ProDev Backend Repos/alx-backend-python/venv/lib/python3.12/site-packages/django/utils/log.py
2025-01-23 14:38:54,092 - User: /home/frosty/projects/ProDev Backend Repos/alx-backend-python/Django-Middleware-0x03/Django-Middleware-0x03/chats/middleware.py changed, reloading. - Path: /home/frosty/projects/ProDev Backend Repos/alx-backend-python/venv/lib/python3.12/site-packages/django/utils/autoreload.py
2025-01-23 14:38:55,604 - User: 2025-01-23 14:38:55.604120 - User: admin - Path: /api/ - Path: /home/frosty/projects/ProDev Backend Repos/alx-backend-python/Django-Middleware-0x03/Django-Middleware-0x03/chats/middleware.py
2025-01-23 14:38:55,606 - User: Forbidden: /api/ - Path: /home/frosty/projects/ProDev Backend Repos/alx-backend-python/venv/lib/python3.12/site-packages/django/utils/log.py
2025-01-23 14:39:01,384 - User: /home/frosty/projects/ProDev Backend Repos/alx-backend-python/Django-Middleware-0x03/Django-Middleware-0x03/chats/middleware.py changed, reloading. - Path: /home/frosty/projects/ProDev Backend Repos/alx-backend-python/venv/lib/python3.12/site-packages/django/utils/autoreload.py
2025-01-23 14:39:02,232 - User: 2025-01-23 14:39:02.232483 - User: admin - Path: /api/ - Path: /home/frosty/projects/ProDev Backend Repos/alx-backend-python/Django-Middleware-0x03/Django-Middleware-0x03/chats/middleware.py
2025-01-23 14:39:02,236 - User: Forbidden: /api/ - Path: /home/frosty/projects/ProDev Backend Repos/alx-backend-python/venv/lib/python3.12/site-packages/django/utils/log.py
2025-01-23 14:39:07,551 - User: /home/frosty/projects/ProDev Backend Repos/alx-backend-python/Django-Middleware-0x03/Django-Middleware-0x03/chats/middleware.py changed, reloading. - Path: /home/frosty/projects/ProDev Backend Repos/alx-backend-python/venv/lib/python3.12/site-packages/django/utils/autoreload.py
2025-01-23 14:39:09,041 - User: 2025-01-23 14:39:09.041651 - User: admin - Path: /api/ - Path: /home/frosty/projects/ProDev Backend Repos/alx-backend-python/Django-Middleware-0x03/Django-Middleware-0x03/chats/middleware.py
2025-01-23 14:39:09,044 - User: Forbidden: /api/ - Path: /home/frosty/projects/ProDev Backend Repos/alx-backend-python/venv/lib/python3.12/site-packages/django/utils/log.py
2025-01-23 14:39:15,668 - User: /home/frosty/projects/ProDev Backend Repos/alx-backend-python/Django-Middleware-0x03/Django-Middleware-0x03/chats/middleware.py changed, reloading. - Path: /home/frosty/projects/ProDev Backend Repos/alx-backend-python/venv/lib/python3.12/site-packages/django/utils/autoreload.py
2025-01-23 14:39:22,559 - User: /home/frosty/projects/ProDev Backend Repos/alx-backend-python/Django-Middleware-0x03/Django-Middleware-0x03/chats/middleware.py changed, reloading. - Path: /home/frosty/projects/ProDev Backend Repos/alx-backend-python/venv/lib/python3.12/site-packages/django/utils/autoreload.py
2025-01-23 14:39:25,414 - User: /home/frosty/projects/ProDev Backend Repos/alx-backend-python/Django-Middleware-0x03/Django-Middleware-0x03/chats/middleware.py changed, reloading. - Path: /home/frosty/projects/ProDev Backend Repos/alx-backend-python/venv/lib/python3.12/site-packages/django/utils/autoreload.py
2025-01-23 14:39:28,517 - User: 2025-01-23 14:39:28.517143 - User: admin - Path: /api/ - Path: /home/frosty/projects/ProDev Backend Repos/alx-backend-python/Django-Middleware-0x03/Django-Middleware-0x03/chats/middleware.py
2025-01-23 14:39:28,521 - User: Forbidden: /api/ - Path: /home/frosty/projects/ProDev Backend Repos/alx-backend-python/venv/lib/python3.12/site-packages/django/utils/log.py
2025-01-23 14:39:32,528 - User: /home/frosty/projects/ProDev Backend Repos/alx-backend-python/Django-Middleware-0x03/Django-Middleware-0x03/chats/middleware.py changed, reloading. - Path: /home/frosty/projects/ProDev Backend Repos/alx-backend-python/venv/lib/python3.12/site-packages/django/utils/autoreload.py
2025-01-23 14:39:34,102 - User: 2025-01-23 14:39:34.102891 - User: admin - Path: /api/ - Path: /home/frosty/projects/ProDev Backend Repos/alx-backend-python/Django-Middleware-0x03/Django-Middleware-0x03/chats/middleware.py
2025-01-23 14:39:34,107 - User: Forbidden: /api/ - Path: /home/frosty/projects/ProDev Backend Repos/alx-backend-python/venv/lib/python3.12/site-packages/django/utils/log.py
2025-01-23 14:39:44,016 - User: /home/frosty/projects/ProDev Backend Repos/alx-backend-python/Django-Middleware-0x03/Django-Middleware-0x03/chats/middleware.py changed, reloading. - Path: /home/frosty/projects/ProDev Backend Repos/alx-backend-python/venv/lib/python3.12/site-packages/django/utils/autoreload.py
2025-01-23 14:39:45,027 - User: 2025-01-23 14:39:45.027257 - User: admin - Path: /api/ - Path: /home/frosty/projects/ProDev Backend Repos/alx-backend-python/Django-Middleware-0x03/Django-Middleware-0x03/chats/middleware.py
2025-01-23 14:39:45,030 - User: Forbidden: /api/ - Path: /home/frosty/projects/ProDev Backend Repos/alx-backend-python/venv/lib/python3.12/site-packages/django/utils/log.py
2025-01-23 14:39:52,993 - User: /home/frosty/projects/ProDev Backend Repos/alx-backend-python/Django-Middleware-0x03/Django-Middleware-0x03/chats/middleware.py changed, reloading. - Path: /home/frosty/projects/ProDev Backend Repos/alx-backend-python/venv/lib/python3.12/site-packages/django/utils/autoreload.py
2025-01-23 14:39:56,191 - User: 2025-01-23 14:39:56.191210 - User: admin - Path: /api/ - Path: /home/frosty/projects/ProDev Backend Repos/alx-backend-python/Django-Middleware-0x03/Django-Middleware-0x03/chats/middleware.py
2025-01-23 14:39:56,193 - User: Forbidden: /api/ - Path: /home/frosty/projects/ProDev Backend Repos/alx-backend-python/venv/lib/python3.12/site-packages/django/utils/log.py
2025-01-23 14:40:11,287 - User: /home/frosty/projects/ProDev Backend Repos/alx-backend-python/Django-Middleware-0x03/Django-Middleware-0x03/chats/middleware.py changed, reloading. - Path: /home/frosty/projects/ProDev Backend Repos/alx-backend-python/venv/lib/python3.12/site-packages/django/utils/autoreload.py
2025-01-23 14:40:15,092 - User: /home/frosty/projects/ProDev Backend Repos/alx-backend-python/Django-Middleware-0x03/Django-Middleware-0x03/chats/middleware.py changed, reloading. - Path: /home/frosty/projects/ProDev Backend Repos/alx-backend-python/venv/lib/python3.12/site-packages/django/utils/autoreload.py
2025-01-23 14:40:21,145 - User: 2025-01-23 14:40:21.145440 - User: admin - Path: /api/ - Path: /home/frosty/projects/ProDev Backend Repos/alx-backend-python/Django-Middleware-0x03/Django-Middleware-0x03/chats/middleware.py
2025-01-23 14:40:21,147 - User: Forbidden: /api/ - Path: /home/frosty/projects/ProDev Backend Repos/alx-backend-python/venv/lib/python3.12/site-packages/django/utils/log.py
2025-01-23 14:40:27,260 - User: /home/frosty/projects/ProDev Backend Repos/alx-backend-python/Django-Middleware-0x03/Django-Middleware-0x03/chats/middleware.py changed, reloading. - Path: /home/frosty/projects/ProDev Backend Repos/alx-backend-python/venv/lib/python3.12/site-packages/django/utils/autoreload.py
2025-01-23 14:40:31,112 - User: /home/frosty/projects/ProDev Backend Repos/alx-backend-python/Django-Middleware-0x03/Django-Middleware-0x03/chats/middleware.py changed, reloading. - Path: /home/frosty/projects/ProDev Backend Repos/alx-backend-python/venv/lib/python3.12/site-packages/django/utils/autoreload.py
2025-01-23 14:40:34,124 - User: 2025-01-23 14:40:34.124149 - User: admin - Path: /api/ - Path: /home/frosty/projects/ProDev Backend Repos/alx-backend-python/Django-Middleware-0x03/Django-Middleware-0x03/chats/middleware.py
2025-01-23 14:40:34,127 - User: Forbidden: /api/ - Path: /home/frosty/projects/ProDev Backend Repos/alx-backend-python/venv/lib/python3.12/site-packages/django/utils/log.py
2025-01-23 14:41:29,980 - User: /home/frosty/projects/ProDev Backend Repos/alx-backend-python/Django-Middleware-0x03/Django-Middleware-0x03/chats/middleware.py changed, reloading. - Path: /home/frosty/projects/ProDev Backend Repos/alx-backend-python/venv/lib/python3.12/site-packages/django/utils/autoreload.py
2025-01-23 14:41:31,400 - User: 2025-01-23 14:41:31.400417 - User: admin - Path: /api/ - Path: /home/frosty/projects/ProDev Backend Repos/alx-backend-python/Django-Middleware-0x03/Django-Middleware-0x03/chats/middleware.py
2025-01-23 14:41:31,403 - User: Forbidden: /api/ - Path: /home/frosty/projects/ProDev Backend Repos/alx-backend-python/venv/lib/python3.12/site-packages/django/utils/log.py
2025-01-23 14:42:17,753 - User: /home/frosty/projects/ProDev Backend Repos/alx-backend-python/Django-Middleware-0x03/Django-Middleware-0x03/chats/middleware.py changed, reloading. - Path: /home/frosty/projects/ProDev Backend Repos/alx-backend-python/venv/lib/python3.12/site-packages/django/utils/autoreload.py
